{"uid":"66665dce260d6044","name":"Search functionality using Selenium Actions","fullName":"AutomationFrameworkTest/Features/Short Selenium Tests for AskOmCdh page/Search functionality using Selenium Actions","historyId":"6a72956a7f71a24c3e2f6d039c47160e","time":{"start":1759524629504,"stop":1759524629539,"duration":35},"status":"broken","statusMessage":"session not created: This version of Microsoft Edge WebDriver only supports Microsoft Edge version 141\nCurrent browser version is 140.0.3485.94 with binary path C:\\Program Files (x86)\\Microsoft\\Edge\\Application\\msedge.exe (SessionNotCreated)","statusTrace":"System.InvalidOperationException: session not created: This version of Microsoft Edge WebDriver only supports Microsoft Edge version 141\nCurrent browser version is 140.0.3485.94 with binary path C:\\Program Files (x86)\\Microsoft\\Edge\\Application\\msedge.exe (SessionNotCreated)\r\n   at OpenQA.Selenium.WebDriver.UnpackAndThrowOnError(Response errorResponse, String commandToExecute)\r\n   at OpenQA.Selenium.WebDriver.ExecuteAsync(String driverCommandToExecute, Dictionary`2 parameters)\r\n   at OpenQA.Selenium.WebDriver.Execute(String driverCommandToExecute, Dictionary`2 parameters)\r\n   at OpenQA.Selenium.WebDriver.StartSession(ICapabilities capabilities)\r\n   at OpenQA.Selenium.WebDriver..ctor(ICommandExecutor executor, ICapabilities capabilities)\r\n   at OpenQA.Selenium.Chromium.ChromiumDriver..ctor(ChromiumDriverService service, ChromiumOptions options, TimeSpan commandTimeout)\r\n   at OpenQA.Selenium.Edge.EdgeDriver..ctor(EdgeDriverService service, EdgeOptions options, TimeSpan commandTimeout)\r\n   at OpenQA.Selenium.Edge.EdgeDriver..ctor(EdgeDriverService service, EdgeOptions options)\r\n   at OpenQA.Selenium.Edge.EdgeDriver..ctor(EdgeOptions options)\r\n   at OpenQA.Selenium.Edge.EdgeDriver..ctor()\r\n   at AutomationFramework.Core.DriverHandler.CreateWebDriver() in D:\\a\\c-sharp-framework\\c-sharp-framework\\AutomationFramework\\Core\\DriverHandler.cs:line 21\r\n   at AutomationFrameworkTest.Support.MyHooks.OpenBrowserAndNativateToHomepage() in D:\\a\\c-sharp-framework\\c-sharp-framework\\AutomationFrameworkTest\\Support\\MyHooks.cs:line 38\r\n   at InvokeStub_Action`1.Invoke(Object, Span`1)\r\n   at System.Reflection.MethodBaseInvoker.InvokeWithOneArg(Object obj, BindingFlags invokeAttr, Binder binder, Object[] parameters, CultureInfo culture)\r\n--- End of stack trace from previous location ---\r\n   at Reqnroll.Bindings.BindingInvoker.InvokeBindingAsync(IBinding binding, IContextManager contextManager, Object[] arguments, ITestTracer testTracer, DurationHolder durationHolder)\r\n   at Reqnroll.Infrastructure.TestExecutionEngine.InvokeHookAsync(IAsyncBindingInvoker invoker, IHookBinding hookBinding, HookType hookType)\r\n   at Reqnroll.Infrastructure.TestExecutionEngine.FireEventsAsync(HookType hookType)\r\n   at Reqnroll.Infrastructure.TestExecutionEngine.FireEventsAsync(HookType hookType)\r\n   at Reqnroll.Infrastructure.TestExecutionEngine.FireScenarioEventsAsync(HookType bindingEvent)\r\n   at Reqnroll.Infrastructure.TestExecutionEngine.OnScenarioStartAsync()\r\n   at Reqnroll.Infrastructure.TestExecutionEngine.OnAfterLastStepAsync()\r\n   at Reqnroll.TestRunner.CollectScenarioErrorsAsync()\r\n   at Allure.ReqnrollPlugin.SelectiveRun.TestPlanAwareTestRunner.CollectScenarioErrorsAsync()\r\n   at AutomationFrameworkTest.Features.ShortSeleniumTestsForAskOmCdhPageFeature.ScenarioCleanupAsync()\r\n   at AutomationFrameworkTest.Features.ShortSeleniumTestsForAskOmCdhPageFeature.SearchFunctionalityUsingSeleniumActions() in D:\\a\\c-sharp-framework\\c-sharp-framework\\AutomationFrameworkTest\\Features\\ShortTests.feature:line 17\r\n   at NUnit.Framework.Internal.TaskAwaitAdapter.GenericAdapter`1.GetResult()\r\n   at NUnit.Framework.Internal.AsyncToSyncAdapter.Await[TResult](TestExecutionContext context, Func`1 invoke)\r\n   at NUnit.Framework.Internal.AsyncToSyncAdapter.Await(TestExecutionContext context, Func`1 invoke)\r\n   at NUnit.Framework.Internal.Commands.TestMethodCommand.RunTestMethod(TestExecutionContext context)\r\n   at NUnit.Framework.Internal.Commands.TestMethodCommand.Execute(TestExecutionContext context)\r\n   at NUnit.Framework.Internal.Commands.BeforeAndAfterTestCommand.<>c__DisplayClass1_0.<Execute>b__0()\r\n   at NUnit.Framework.Internal.Commands.DelegatingTestCommand.RunTestMethodInThreadAbortSafeZone(TestExecutionContext context, Action action)","flaky":false,"newFailed":false,"newBroken":false,"newPassed":false,"retriesCount":0,"retriesStatusChange":false,"beforeStages":[{"name":"MyHooks.OpenBrowserAndNativateToHomepage()","time":{"start":1759524620778,"stop":1759524629504,"duration":8726},"status":"broken","statusMessage":"session not created: This version of Microsoft Edge WebDriver only supports Microsoft Edge version 141\nCurrent browser version is 140.0.3485.94 with binary path C:\\Program Files (x86)\\Microsoft\\Edge\\Application\\msedge.exe (SessionNotCreated)","statusTrace":"System.InvalidOperationException: session not created: This version of Microsoft Edge WebDriver only supports Microsoft Edge version 141\nCurrent browser version is 140.0.3485.94 with binary path C:\\Program Files (x86)\\Microsoft\\Edge\\Application\\msedge.exe (SessionNotCreated)\r\n   at OpenQA.Selenium.WebDriver.UnpackAndThrowOnError(Response errorResponse, String commandToExecute)\r\n   at OpenQA.Selenium.WebDriver.ExecuteAsync(String driverCommandToExecute, Dictionary`2 parameters)\r\n   at OpenQA.Selenium.WebDriver.Execute(String driverCommandToExecute, Dictionary`2 parameters)\r\n   at OpenQA.Selenium.WebDriver.StartSession(ICapabilities capabilities)\r\n   at OpenQA.Selenium.WebDriver..ctor(ICommandExecutor executor, ICapabilities capabilities)\r\n   at OpenQA.Selenium.Chromium.ChromiumDriver..ctor(ChromiumDriverService service, ChromiumOptions options, TimeSpan commandTimeout)\r\n   at OpenQA.Selenium.Edge.EdgeDriver..ctor(EdgeDriverService service, EdgeOptions options, TimeSpan commandTimeout)\r\n   at OpenQA.Selenium.Edge.EdgeDriver..ctor(EdgeDriverService service, EdgeOptions options)\r\n   at OpenQA.Selenium.Edge.EdgeDriver..ctor(EdgeOptions options)\r\n   at OpenQA.Selenium.Edge.EdgeDriver..ctor()\r\n   at AutomationFramework.Core.DriverHandler.CreateWebDriver() in D:\\a\\c-sharp-framework\\c-sharp-framework\\AutomationFramework\\Core\\DriverHandler.cs:line 21\r\n   at AutomationFrameworkTest.Support.MyHooks.OpenBrowserAndNativateToHomepage() in D:\\a\\c-sharp-framework\\c-sharp-framework\\AutomationFrameworkTest\\Support\\MyHooks.cs:line 38\r\n   at InvokeStub_Action`1.Invoke(Object, Span`1)\r\n   at System.Reflection.MethodBaseInvoker.InvokeWithOneArg(Object obj, BindingFlags invokeAttr, Binder binder, Object[] parameters, CultureInfo culture)\r\n--- End of stack trace from previous location ---\r\n   at Reqnroll.Bindings.BindingInvoker.InvokeBindingAsync(IBinding binding, IContextManager contextManager, Object[] arguments, ITestTracer testTracer, DurationHolder durationHolder)\r\n   at Reqnroll.Infrastructure.TestExecutionEngine.InvokeHookAsync(IAsyncBindingInvoker invoker, IHookBinding hookBinding, HookType hookType)\r\n   at Reqnroll.Infrastructure.TestExecutionEngine.FireEventsAsync(HookType hookType)","steps":[],"attachments":[],"parameters":[],"shouldDisplayMessage":true,"stepsCount":0,"attachmentsCount":0,"hasContent":true}],"testStage":{"status":"broken","statusMessage":"session not created: This version of Microsoft Edge WebDriver only supports Microsoft Edge version 141\nCurrent browser version is 140.0.3485.94 with binary path C:\\Program Files (x86)\\Microsoft\\Edge\\Application\\msedge.exe (SessionNotCreated)","statusTrace":"System.InvalidOperationException: session not created: This version of Microsoft Edge WebDriver only supports Microsoft Edge version 141\nCurrent browser version is 140.0.3485.94 with binary path C:\\Program Files (x86)\\Microsoft\\Edge\\Application\\msedge.exe (SessionNotCreated)\r\n   at OpenQA.Selenium.WebDriver.UnpackAndThrowOnError(Response errorResponse, String commandToExecute)\r\n   at OpenQA.Selenium.WebDriver.ExecuteAsync(String driverCommandToExecute, Dictionary`2 parameters)\r\n   at OpenQA.Selenium.WebDriver.Execute(String driverCommandToExecute, Dictionary`2 parameters)\r\n   at OpenQA.Selenium.WebDriver.StartSession(ICapabilities capabilities)\r\n   at OpenQA.Selenium.WebDriver..ctor(ICommandExecutor executor, ICapabilities capabilities)\r\n   at OpenQA.Selenium.Chromium.ChromiumDriver..ctor(ChromiumDriverService service, ChromiumOptions options, TimeSpan commandTimeout)\r\n   at OpenQA.Selenium.Edge.EdgeDriver..ctor(EdgeDriverService service, EdgeOptions options, TimeSpan commandTimeout)\r\n   at OpenQA.Selenium.Edge.EdgeDriver..ctor(EdgeDriverService service, EdgeOptions options)\r\n   at OpenQA.Selenium.Edge.EdgeDriver..ctor(EdgeOptions options)\r\n   at OpenQA.Selenium.Edge.EdgeDriver..ctor()\r\n   at AutomationFramework.Core.DriverHandler.CreateWebDriver() in D:\\a\\c-sharp-framework\\c-sharp-framework\\AutomationFramework\\Core\\DriverHandler.cs:line 21\r\n   at AutomationFrameworkTest.Support.MyHooks.OpenBrowserAndNativateToHomepage() in D:\\a\\c-sharp-framework\\c-sharp-framework\\AutomationFrameworkTest\\Support\\MyHooks.cs:line 38\r\n   at InvokeStub_Action`1.Invoke(Object, Span`1)\r\n   at System.Reflection.MethodBaseInvoker.InvokeWithOneArg(Object obj, BindingFlags invokeAttr, Binder binder, Object[] parameters, CultureInfo culture)\r\n--- End of stack trace from previous location ---\r\n   at Reqnroll.Bindings.BindingInvoker.InvokeBindingAsync(IBinding binding, IContextManager contextManager, Object[] arguments, ITestTracer testTracer, DurationHolder durationHolder)\r\n   at Reqnroll.Infrastructure.TestExecutionEngine.InvokeHookAsync(IAsyncBindingInvoker invoker, IHookBinding hookBinding, HookType hookType)\r\n   at Reqnroll.Infrastructure.TestExecutionEngine.FireEventsAsync(HookType hookType)\r\n   at Reqnroll.Infrastructure.TestExecutionEngine.FireEventsAsync(HookType hookType)\r\n   at Reqnroll.Infrastructure.TestExecutionEngine.FireScenarioEventsAsync(HookType bindingEvent)\r\n   at Reqnroll.Infrastructure.TestExecutionEngine.OnScenarioStartAsync()\r\n   at Reqnroll.Infrastructure.TestExecutionEngine.OnAfterLastStepAsync()\r\n   at Reqnroll.TestRunner.CollectScenarioErrorsAsync()\r\n   at Allure.ReqnrollPlugin.SelectiveRun.TestPlanAwareTestRunner.CollectScenarioErrorsAsync()\r\n   at AutomationFrameworkTest.Features.ShortSeleniumTestsForAskOmCdhPageFeature.ScenarioCleanupAsync()\r\n   at AutomationFrameworkTest.Features.ShortSeleniumTestsForAskOmCdhPageFeature.SearchFunctionalityUsingSeleniumActions() in D:\\a\\c-sharp-framework\\c-sharp-framework\\AutomationFrameworkTest\\Features\\ShortTests.feature:line 17\r\n   at NUnit.Framework.Internal.TaskAwaitAdapter.GenericAdapter`1.GetResult()\r\n   at NUnit.Framework.Internal.AsyncToSyncAdapter.Await[TResult](TestExecutionContext context, Func`1 invoke)\r\n   at NUnit.Framework.Internal.AsyncToSyncAdapter.Await(TestExecutionContext context, Func`1 invoke)\r\n   at NUnit.Framework.Internal.Commands.TestMethodCommand.RunTestMethod(TestExecutionContext context)\r\n   at NUnit.Framework.Internal.Commands.TestMethodCommand.Execute(TestExecutionContext context)\r\n   at NUnit.Framework.Internal.Commands.BeforeAndAfterTestCommand.<>c__DisplayClass1_0.<Execute>b__0()\r\n   at NUnit.Framework.Internal.Commands.DelegatingTestCommand.RunTestMethodInThreadAbortSafeZone(TestExecutionContext context, Action action)","steps":[{"name":"Given user selects the \"Men\" link","time":{"start":1759524629509,"stop":1759524629522,"duration":13},"status":"skipped","steps":[],"attachments":[],"parameters":[],"shouldDisplayMessage":false,"stepsCount":0,"attachmentsCount":0,"hasContent":false},{"name":"Given user performs a special search for \"Shoes\"","time":{"start":1759524629524,"stop":1759524629524,"duration":0},"status":"skipped","steps":[],"attachments":[],"parameters":[],"shouldDisplayMessage":false,"stepsCount":0,"attachmentsCount":0,"hasContent":false},{"name":"Then user should see in the search results '“Shoes”'","time":{"start":1759524629524,"stop":1759524629524,"duration":0},"status":"skipped","steps":[],"attachments":[],"parameters":[],"shouldDisplayMessage":false,"stepsCount":0,"attachmentsCount":0,"hasContent":false}],"attachments":[],"parameters":[],"shouldDisplayMessage":true,"stepsCount":3,"attachmentsCount":0,"hasContent":true},"afterStages":[{"name":"MyHooks.CloseWebDriver()","time":{"start":1759524629539,"stop":1759524629554,"duration":15},"status":"broken","statusMessage":"Object reference not set to an instance of an object.","statusTrace":"System.NullReferenceException: Object reference not set to an instance of an object.\r\n   at AutomationFrameworkTest.Support.MyHooks.DriverTeardown() in D:\\a\\c-sharp-framework\\c-sharp-framework\\AutomationFrameworkTest\\Support\\MyHooks.cs:line 70\r\n   at AutomationFrameworkTest.Support.MyHooks.CloseWebDriver() in D:\\a\\c-sharp-framework\\c-sharp-framework\\AutomationFrameworkTest\\Support\\MyHooks.cs:line 60\r\n   at InvokeStub_Action`1.Invoke(Object, Span`1)\r\n   at System.Reflection.MethodBaseInvoker.InvokeWithOneArg(Object obj, BindingFlags invokeAttr, Binder binder, Object[] parameters, CultureInfo culture)\r\n--- End of stack trace from previous location ---\r\n   at Reqnroll.Bindings.BindingInvoker.InvokeBindingAsync(IBinding binding, IContextManager contextManager, Object[] arguments, ITestTracer testTracer, DurationHolder durationHolder)\r\n   at Reqnroll.Infrastructure.TestExecutionEngine.InvokeHookAsync(IAsyncBindingInvoker invoker, IHookBinding hookBinding, HookType hookType)\r\n   at Reqnroll.Infrastructure.TestExecutionEngine.FireEventsAsync(HookType hookType)","steps":[],"attachments":[],"parameters":[],"shouldDisplayMessage":true,"stepsCount":0,"attachmentsCount":0,"hasContent":true}],"labels":[{"name":"host","value":"runnervmd3hz3"},{"name":"thread","value":"NUnit.Fw.ParallelWorker#1"},{"name":"language","value":"C#"},{"name":"framework","value":"Reqnroll"},{"name":"package","value":"Features.Short Selenium Tests for AskOmCdh page"},{"name":"feature","value":"Short Selenium Tests for AskOmCdh page"},{"name":"tag","value":"web"},{"name":"resultFormat","value":"allure2"}],"parameters":[],"links":[],"hidden":false,"retry":false,"extra":{"severity":"normal","retries":[],"categories":[{"name":"Test defects","matchedStatuses":[],"flaky":false}],"tags":["web"]},"source":"66665dce260d6044.json","parameterValues":[]}