{"uid":"18d55bad30f5c930","name":"Store link functionality","fullName":"AutomationFrameworkTest/Features/Short Selenium Tests for AskOmCdh page/Store link functionality","historyId":"39551533fc55d13340268710e37ff44c","time":{"start":1759526231956,"stop":1759526231957,"duration":1},"status":"broken","statusMessage":"session not created: This version of ChromeDriver only supports Chrome version 141\nCurrent browser version is 140.0.7339.186 with binary path C:\\Program Files\\Google\\Chrome\\Application\\chrome.exe (SessionNotCreated)","statusTrace":"System.InvalidOperationException: session not created: This version of ChromeDriver only supports Chrome version 141\nCurrent browser version is 140.0.7339.186 with binary path C:\\Program Files\\Google\\Chrome\\Application\\chrome.exe (SessionNotCreated)\r\n   at OpenQA.Selenium.WebDriver.UnpackAndThrowOnError(Response errorResponse, String commandToExecute)\r\n   at OpenQA.Selenium.WebDriver.ExecuteAsync(String driverCommandToExecute, Dictionary`2 parameters)\r\n   at OpenQA.Selenium.WebDriver.Execute(String driverCommandToExecute, Dictionary`2 parameters)\r\n   at OpenQA.Selenium.WebDriver.StartSession(ICapabilities capabilities)\r\n   at OpenQA.Selenium.WebDriver..ctor(ICommandExecutor executor, ICapabilities capabilities)\r\n   at OpenQA.Selenium.Chromium.ChromiumDriver..ctor(ChromiumDriverService service, ChromiumOptions options, TimeSpan commandTimeout)\r\n   at OpenQA.Selenium.Chrome.ChromeDriver..ctor(ChromeDriverService service, ChromeOptions options, TimeSpan commandTimeout)\r\n   at OpenQA.Selenium.Chrome.ChromeDriver..ctor(ChromeOptions options)\r\n   at AutomationFramework.Core.DriverHandler.CreateWebDriver() in D:\\a\\c-sharp-framework\\c-sharp-framework\\AutomationFramework\\Core\\DriverHandler.cs:line 47\r\n   at AutomationFrameworkTest.Support.MyHooks.OpenBrowserAndNativateToHomepage() in D:\\a\\c-sharp-framework\\c-sharp-framework\\AutomationFrameworkTest\\Support\\MyHooks.cs:line 38\r\n   at InvokeStub_Action`1.Invoke(Object, Span`1)\r\n   at System.Reflection.MethodBaseInvoker.InvokeWithOneArg(Object obj, BindingFlags invokeAttr, Binder binder, Object[] parameters, CultureInfo culture)\r\n--- End of stack trace from previous location ---\r\n   at Reqnroll.Bindings.BindingInvoker.InvokeBindingAsync(IBinding binding, IContextManager contextManager, Object[] arguments, ITestTracer testTracer, DurationHolder durationHolder)\r\n   at Reqnroll.Infrastructure.TestExecutionEngine.InvokeHookAsync(IAsyncBindingInvoker invoker, IHookBinding hookBinding, HookType hookType)\r\n   at Reqnroll.Infrastructure.TestExecutionEngine.FireEventsAsync(HookType hookType)\r\n   at Reqnroll.Infrastructure.TestExecutionEngine.FireEventsAsync(HookType hookType)\r\n   at Reqnroll.Infrastructure.TestExecutionEngine.FireScenarioEventsAsync(HookType bindingEvent)\r\n   at Reqnroll.Infrastructure.TestExecutionEngine.OnScenarioStartAsync()\r\n   at Reqnroll.Infrastructure.TestExecutionEngine.OnAfterLastStepAsync()\r\n   at Reqnroll.TestRunner.CollectScenarioErrorsAsync()\r\n   at Allure.ReqnrollPlugin.SelectiveRun.TestPlanAwareTestRunner.CollectScenarioErrorsAsync()\r\n   at AutomationFrameworkTest.Features.ShortSeleniumTestsForAskOmCdhPageFeature.ScenarioCleanupAsync()\r\n   at AutomationFrameworkTest.Features.ShortSeleniumTestsForAskOmCdhPageFeature.StoreLinkFunctionality() in D:\\a\\c-sharp-framework\\c-sharp-framework\\AutomationFrameworkTest\\Features\\ShortTests.feature:line 6\r\n   at NUnit.Framework.Internal.TaskAwaitAdapter.GenericAdapter`1.GetResult()\r\n   at NUnit.Framework.Internal.AsyncToSyncAdapter.Await[TResult](TestExecutionContext context, Func`1 invoke)\r\n   at NUnit.Framework.Internal.AsyncToSyncAdapter.Await(TestExecutionContext context, Func`1 invoke)\r\n   at NUnit.Framework.Internal.Commands.TestMethodCommand.RunTestMethod(TestExecutionContext context)\r\n   at NUnit.Framework.Internal.Commands.TestMethodCommand.Execute(TestExecutionContext context)\r\n   at NUnit.Framework.Internal.Commands.BeforeAndAfterTestCommand.<>c__DisplayClass1_0.<Execute>b__0()\r\n   at NUnit.Framework.Internal.Commands.DelegatingTestCommand.RunTestMethodInThreadAbortSafeZone(TestExecutionContext context, Action action)","flaky":false,"newFailed":false,"newBroken":false,"newPassed":false,"retriesCount":0,"retriesStatusChange":false,"beforeStages":[{"name":"MyHooks.OpenBrowserAndNativateToHomepage()","time":{"start":1759526230220,"stop":1759526231956,"duration":1736},"status":"broken","statusMessage":"session not created: This version of ChromeDriver only supports Chrome version 141\nCurrent browser version is 140.0.7339.186 with binary path C:\\Program Files\\Google\\Chrome\\Application\\chrome.exe (SessionNotCreated)","statusTrace":"System.InvalidOperationException: session not created: This version of ChromeDriver only supports Chrome version 141\nCurrent browser version is 140.0.7339.186 with binary path C:\\Program Files\\Google\\Chrome\\Application\\chrome.exe (SessionNotCreated)\r\n   at OpenQA.Selenium.WebDriver.UnpackAndThrowOnError(Response errorResponse, String commandToExecute)\r\n   at OpenQA.Selenium.WebDriver.ExecuteAsync(String driverCommandToExecute, Dictionary`2 parameters)\r\n   at OpenQA.Selenium.WebDriver.Execute(String driverCommandToExecute, Dictionary`2 parameters)\r\n   at OpenQA.Selenium.WebDriver.StartSession(ICapabilities capabilities)\r\n   at OpenQA.Selenium.WebDriver..ctor(ICommandExecutor executor, ICapabilities capabilities)\r\n   at OpenQA.Selenium.Chromium.ChromiumDriver..ctor(ChromiumDriverService service, ChromiumOptions options, TimeSpan commandTimeout)\r\n   at OpenQA.Selenium.Chrome.ChromeDriver..ctor(ChromeDriverService service, ChromeOptions options, TimeSpan commandTimeout)\r\n   at OpenQA.Selenium.Chrome.ChromeDriver..ctor(ChromeOptions options)\r\n   at AutomationFramework.Core.DriverHandler.CreateWebDriver() in D:\\a\\c-sharp-framework\\c-sharp-framework\\AutomationFramework\\Core\\DriverHandler.cs:line 47\r\n   at AutomationFrameworkTest.Support.MyHooks.OpenBrowserAndNativateToHomepage() in D:\\a\\c-sharp-framework\\c-sharp-framework\\AutomationFrameworkTest\\Support\\MyHooks.cs:line 38\r\n   at InvokeStub_Action`1.Invoke(Object, Span`1)\r\n   at System.Reflection.MethodBaseInvoker.InvokeWithOneArg(Object obj, BindingFlags invokeAttr, Binder binder, Object[] parameters, CultureInfo culture)\r\n--- End of stack trace from previous location ---\r\n   at Reqnroll.Bindings.BindingInvoker.InvokeBindingAsync(IBinding binding, IContextManager contextManager, Object[] arguments, ITestTracer testTracer, DurationHolder durationHolder)\r\n   at Reqnroll.Infrastructure.TestExecutionEngine.InvokeHookAsync(IAsyncBindingInvoker invoker, IHookBinding hookBinding, HookType hookType)\r\n   at Reqnroll.Infrastructure.TestExecutionEngine.FireEventsAsync(HookType hookType)","steps":[],"attachments":[],"parameters":[],"shouldDisplayMessage":true,"stepsCount":0,"attachmentsCount":0,"hasContent":true}],"testStage":{"status":"broken","statusMessage":"session not created: This version of ChromeDriver only supports Chrome version 141\nCurrent browser version is 140.0.7339.186 with binary path C:\\Program Files\\Google\\Chrome\\Application\\chrome.exe (SessionNotCreated)","statusTrace":"System.InvalidOperationException: session not created: This version of ChromeDriver only supports Chrome version 141\nCurrent browser version is 140.0.7339.186 with binary path C:\\Program Files\\Google\\Chrome\\Application\\chrome.exe (SessionNotCreated)\r\n   at OpenQA.Selenium.WebDriver.UnpackAndThrowOnError(Response errorResponse, String commandToExecute)\r\n   at OpenQA.Selenium.WebDriver.ExecuteAsync(String driverCommandToExecute, Dictionary`2 parameters)\r\n   at OpenQA.Selenium.WebDriver.Execute(String driverCommandToExecute, Dictionary`2 parameters)\r\n   at OpenQA.Selenium.WebDriver.StartSession(ICapabilities capabilities)\r\n   at OpenQA.Selenium.WebDriver..ctor(ICommandExecutor executor, ICapabilities capabilities)\r\n   at OpenQA.Selenium.Chromium.ChromiumDriver..ctor(ChromiumDriverService service, ChromiumOptions options, TimeSpan commandTimeout)\r\n   at OpenQA.Selenium.Chrome.ChromeDriver..ctor(ChromeDriverService service, ChromeOptions options, TimeSpan commandTimeout)\r\n   at OpenQA.Selenium.Chrome.ChromeDriver..ctor(ChromeOptions options)\r\n   at AutomationFramework.Core.DriverHandler.CreateWebDriver() in D:\\a\\c-sharp-framework\\c-sharp-framework\\AutomationFramework\\Core\\DriverHandler.cs:line 47\r\n   at AutomationFrameworkTest.Support.MyHooks.OpenBrowserAndNativateToHomepage() in D:\\a\\c-sharp-framework\\c-sharp-framework\\AutomationFrameworkTest\\Support\\MyHooks.cs:line 38\r\n   at InvokeStub_Action`1.Invoke(Object, Span`1)\r\n   at System.Reflection.MethodBaseInvoker.InvokeWithOneArg(Object obj, BindingFlags invokeAttr, Binder binder, Object[] parameters, CultureInfo culture)\r\n--- End of stack trace from previous location ---\r\n   at Reqnroll.Bindings.BindingInvoker.InvokeBindingAsync(IBinding binding, IContextManager contextManager, Object[] arguments, ITestTracer testTracer, DurationHolder durationHolder)\r\n   at Reqnroll.Infrastructure.TestExecutionEngine.InvokeHookAsync(IAsyncBindingInvoker invoker, IHookBinding hookBinding, HookType hookType)\r\n   at Reqnroll.Infrastructure.TestExecutionEngine.FireEventsAsync(HookType hookType)\r\n   at Reqnroll.Infrastructure.TestExecutionEngine.FireEventsAsync(HookType hookType)\r\n   at Reqnroll.Infrastructure.TestExecutionEngine.FireScenarioEventsAsync(HookType bindingEvent)\r\n   at Reqnroll.Infrastructure.TestExecutionEngine.OnScenarioStartAsync()\r\n   at Reqnroll.Infrastructure.TestExecutionEngine.OnAfterLastStepAsync()\r\n   at Reqnroll.TestRunner.CollectScenarioErrorsAsync()\r\n   at Allure.ReqnrollPlugin.SelectiveRun.TestPlanAwareTestRunner.CollectScenarioErrorsAsync()\r\n   at AutomationFrameworkTest.Features.ShortSeleniumTestsForAskOmCdhPageFeature.ScenarioCleanupAsync()\r\n   at AutomationFrameworkTest.Features.ShortSeleniumTestsForAskOmCdhPageFeature.StoreLinkFunctionality() in D:\\a\\c-sharp-framework\\c-sharp-framework\\AutomationFrameworkTest\\Features\\ShortTests.feature:line 6\r\n   at NUnit.Framework.Internal.TaskAwaitAdapter.GenericAdapter`1.GetResult()\r\n   at NUnit.Framework.Internal.AsyncToSyncAdapter.Await[TResult](TestExecutionContext context, Func`1 invoke)\r\n   at NUnit.Framework.Internal.AsyncToSyncAdapter.Await(TestExecutionContext context, Func`1 invoke)\r\n   at NUnit.Framework.Internal.Commands.TestMethodCommand.RunTestMethod(TestExecutionContext context)\r\n   at NUnit.Framework.Internal.Commands.TestMethodCommand.Execute(TestExecutionContext context)\r\n   at NUnit.Framework.Internal.Commands.BeforeAndAfterTestCommand.<>c__DisplayClass1_0.<Execute>b__0()\r\n   at NUnit.Framework.Internal.Commands.DelegatingTestCommand.RunTestMethodInThreadAbortSafeZone(TestExecutionContext context, Action action)","steps":[{"name":"Given user selects the \"Store\" link","time":{"start":1759526231956,"stop":1759526231956,"duration":0},"status":"skipped","steps":[],"attachments":[],"parameters":[],"shouldDisplayMessage":false,"stepsCount":0,"attachmentsCount":0,"hasContent":false},{"name":"Then user should see in the store search title \"Store\"","time":{"start":1759526231956,"stop":1759526231956,"duration":0},"status":"skipped","steps":[],"attachments":[],"parameters":[],"shouldDisplayMessage":false,"stepsCount":0,"attachmentsCount":0,"hasContent":false}],"attachments":[],"parameters":[],"shouldDisplayMessage":true,"stepsCount":2,"attachmentsCount":0,"hasContent":true},"afterStages":[{"name":"MyHooks.CloseWebDriver()","time":{"start":1759526231957,"stop":1759526231958,"duration":1},"status":"broken","statusMessage":"Object reference not set to an instance of an object.","statusTrace":"System.NullReferenceException: Object reference not set to an instance of an object.\r\n   at AutomationFrameworkTest.Support.MyHooks.DriverTeardown() in D:\\a\\c-sharp-framework\\c-sharp-framework\\AutomationFrameworkTest\\Support\\MyHooks.cs:line 70\r\n   at AutomationFrameworkTest.Support.MyHooks.CloseWebDriver() in D:\\a\\c-sharp-framework\\c-sharp-framework\\AutomationFrameworkTest\\Support\\MyHooks.cs:line 60\r\n   at InvokeStub_Action`1.Invoke(Object, Span`1)\r\n   at System.Reflection.MethodBaseInvoker.InvokeWithOneArg(Object obj, BindingFlags invokeAttr, Binder binder, Object[] parameters, CultureInfo culture)\r\n--- End of stack trace from previous location ---\r\n   at Reqnroll.Bindings.BindingInvoker.InvokeBindingAsync(IBinding binding, IContextManager contextManager, Object[] arguments, ITestTracer testTracer, DurationHolder durationHolder)\r\n   at Reqnroll.Infrastructure.TestExecutionEngine.InvokeHookAsync(IAsyncBindingInvoker invoker, IHookBinding hookBinding, HookType hookType)\r\n   at Reqnroll.Infrastructure.TestExecutionEngine.FireEventsAsync(HookType hookType)","steps":[],"attachments":[],"parameters":[],"shouldDisplayMessage":true,"stepsCount":0,"attachmentsCount":0,"hasContent":true}],"labels":[{"name":"host","value":"runnervm747y6"},{"name":"thread","value":"NUnit.Fw.ParallelWorker#3"},{"name":"language","value":"C#"},{"name":"framework","value":"Reqnroll"},{"name":"package","value":"Features.Short Selenium Tests for AskOmCdh page"},{"name":"feature","value":"Short Selenium Tests for AskOmCdh page"},{"name":"tag","value":"web"},{"name":"resultFormat","value":"allure2"}],"parameters":[],"links":[],"hidden":false,"retry":false,"extra":{"severity":"normal","retries":[],"categories":[{"name":"Test defects","matchedStatuses":[],"flaky":false}],"history":{"statistic":{"failed":0,"broken":2,"skipped":0,"passed":0,"unknown":0,"total":2},"items":[{"uid":"ccfa1d4f8d62b708","reportUrl":"https://fragsman.github.io/c-sharp-framework/13//#testresult/ccfa1d4f8d62b708","status":"broken","statusDetails":"session not created: This version of Microsoft Edge WebDriver only supports Microsoft Edge version 141\nCurrent browser version is 140.0.3485.94 with binary path C:\\Program Files (x86)\\Microsoft\\Edge\\Application\\msedge.exe (SessionNotCreated)","time":{"start":1759524632006,"stop":1759524632008,"duration":2}}]},"tags":["web"]},"source":"18d55bad30f5c930.json","parameterValues":[]}